{"/home/miki/Desktop/microverse/todo-list-mv/src/crud.js": {"path":"/home/miki/Desktop/microverse/todo-list-mv/src/crud.js","statementMap":{"0":{"start":{"line":5,"column":4},"end":{"line":5,"column":21}},"1":{"start":{"line":6,"column":4},"end":{"line":6,"column":27}},"2":{"start":{"line":7,"column":4},"end":{"line":7,"column":27}},"3":{"start":{"line":12,"column":17},"end":{"line":12,"column":19}},"4":{"start":{"line":13,"column":2},"end":{"line":15,"column":3}},"5":{"start":{"line":14,"column":4},"end":{"line":14,"column":64}},"6":{"start":{"line":16,"column":2},"end":{"line":16,"column":18}},"7":{"start":{"line":20,"column":19},"end":{"line":20,"column":34}},"8":{"start":{"line":21,"column":16},"end":{"line":21,"column":53}},"9":{"start":{"line":22,"column":2},"end":{"line":25,"column":3}},"10":{"start":{"line":23,"column":17},"end":{"line":23,"column":59}},"11":{"start":{"line":24,"column":4},"end":{"line":24,"column":24}},"12":{"start":{"line":26,"column":2},"end":{"line":26,"column":18}},"13":{"start":{"line":30,"column":15},"end":{"line":30,"column":16}},"14":{"start":{"line":31,"column":17},"end":{"line":31,"column":18}},"15":{"start":{"line":32,"column":17},"end":{"line":32,"column":53}},"16":{"start":{"line":34,"column":2},"end":{"line":37,"column":5}},"17":{"start":{"line":35,"column":4},"end":{"line":35,"column":24}},"18":{"start":{"line":36,"column":4},"end":{"line":36,"column":16}},"19":{"start":{"line":38,"column":2},"end":{"line":38,"column":27}},"20":{"start":{"line":39,"column":2},"end":{"line":42,"column":5}},"21":{"start":{"line":40,"column":4},"end":{"line":40,"column":24}},"22":{"start":{"line":41,"column":4},"end":{"line":41,"column":18}},"23":{"start":{"line":46,"column":21},"end":{"line":46,"column":64}},"24":{"start":{"line":47,"column":2},"end":{"line":60,"column":5}},"25":{"start":{"line":48,"column":4},"end":{"line":50,"column":7}},"26":{"start":{"line":49,"column":6},"end":{"line":49,"column":29}},"27":{"start":{"line":51,"column":4},"end":{"line":59,"column":7}},"28":{"start":{"line":52,"column":17},"end":{"line":52,"column":48}},"29":{"start":{"line":53,"column":26},"end":{"line":53,"column":60}},"30":{"start":{"line":54,"column":20},"end":{"line":54,"column":66}},"31":{"start":{"line":55,"column":23},"end":{"line":55,"column":38}},"32":{"start":{"line":56,"column":6},"end":{"line":56,"column":34}},"33":{"start":{"line":57,"column":6},"end":{"line":57,"column":32}},"34":{"start":{"line":58,"column":6},"end":{"line":58,"column":26}},"35":{"start":{"line":64,"column":16},"end":{"line":64,"column":51}},"36":{"start":{"line":65,"column":2},"end":{"line":70,"column":5}},"37":{"start":{"line":66,"column":22},"end":{"line":66,"column":58}},"38":{"start":{"line":67,"column":20},"end":{"line":67,"column":54}},"39":{"start":{"line":68,"column":4},"end":{"line":68,"column":38}},"40":{"start":{"line":69,"column":4},"end":{"line":69,"column":39}},"41":{"start":{"line":71,"column":2},"end":{"line":77,"column":3}},"42":{"start":{"line":72,"column":24},"end":{"line":72,"column":58}},"43":{"start":{"line":73,"column":22},"end":{"line":73,"column":65}},"44":{"start":{"line":74,"column":20},"end":{"line":74,"column":61}},"45":{"start":{"line":75,"column":4},"end":{"line":75,"column":41}},"46":{"start":{"line":76,"column":4},"end":{"line":76,"column":36}},"47":{"start":{"line":81,"column":21},"end":{"line":81,"column":60}},"48":{"start":{"line":82,"column":22},"end":{"line":82,"column":56}},"49":{"start":{"line":83,"column":20},"end":{"line":83,"column":59}},"50":{"start":{"line":84,"column":2},"end":{"line":84,"column":29}},"51":{"start":{"line":85,"column":16},"end":{"line":85,"column":59}},"52":{"start":{"line":87,"column":2},"end":{"line":100,"column":5}},"53":{"start":{"line":88,"column":4},"end":{"line":97,"column":7}},"54":{"start":{"line":89,"column":23},"end":{"line":89,"column":38}},"55":{"start":{"line":90,"column":6},"end":{"line":92,"column":7}},"56":{"start":{"line":91,"column":8},"end":{"line":91,"column":54}},"57":{"start":{"line":93,"column":6},"end":{"line":93,"column":46}},"58":{"start":{"line":94,"column":6},"end":{"line":94,"column":32}},"59":{"start":{"line":95,"column":6},"end":{"line":95,"column":31}},"60":{"start":{"line":96,"column":6},"end":{"line":96,"column":19}},"61":{"start":{"line":98,"column":4},"end":{"line":98,"column":22}},"62":{"start":{"line":99,"column":4},"end":{"line":99,"column":80}},"63":{"start":{"line":104,"column":2},"end":{"line":104,"column":15}},"64":{"start":{"line":105,"column":2},"end":{"line":115,"column":3}},"65":{"start":{"line":106,"column":24},"end":{"line":106,"column":65}},"66":{"start":{"line":107,"column":4},"end":{"line":114,"column":7}},"67":{"start":{"line":108,"column":6},"end":{"line":113,"column":9}},"68":{"start":{"line":109,"column":28},"end":{"line":109,"column":42}},"69":{"start":{"line":110,"column":8},"end":{"line":110,"column":45}},"70":{"start":{"line":111,"column":8},"end":{"line":111,"column":21}},"71":{"start":{"line":112,"column":8},"end":{"line":112,"column":19}},"72":{"start":{"line":119,"column":19},"end":{"line":119,"column":34}},"73":{"start":{"line":120,"column":26},"end":{"line":120,"column":68}},"74":{"start":{"line":120,"column":52},"end":{"line":120,"column":67}},"75":{"start":{"line":121,"column":2},"end":{"line":121,"column":29}},"76":{"start":{"line":123,"column":13},"end":{"line":123,"column":44}},"77":{"start":{"line":124,"column":17},"end":{"line":124,"column":53}},"78":{"start":{"line":125,"column":2},"end":{"line":129,"column":5}},"79":{"start":{"line":126,"column":4},"end":{"line":128,"column":5}},"80":{"start":{"line":127,"column":6},"end":{"line":127,"column":50}},"81":{"start":{"line":132,"column":0},"end":{"line":135,"column":2}}},"fnMap":{"0":{"name":"(anonymous_0)","decl":{"start":{"line":4,"column":2},"end":{"line":4,"column":3}},"loc":{"start":{"line":4,"column":33},"end":{"line":8,"column":3}},"line":4},"1":{"name":"getArrayLocal","decl":{"start":{"line":11,"column":16},"end":{"line":11,"column":29}},"loc":{"start":{"line":11,"column":32},"end":{"line":17,"column":1}},"line":11},"2":{"name":"addTask","decl":{"start":{"line":19,"column":16},"end":{"line":19,"column":23}},"loc":{"start":{"line":19,"column":26},"end":{"line":27,"column":1}},"line":19},"3":{"name":"updateIds","decl":{"start":{"line":29,"column":16},"end":{"line":29,"column":25}},"loc":{"start":{"line":29,"column":36},"end":{"line":43,"column":1}},"line":29},"4":{"name":"(anonymous_4)","decl":{"start":{"line":34,"column":19},"end":{"line":34,"column":20}},"loc":{"start":{"line":34,"column":29},"end":{"line":37,"column":3}},"line":34},"5":{"name":"(anonymous_5)","decl":{"start":{"line":39,"column":17},"end":{"line":39,"column":18}},"loc":{"start":{"line":39,"column":28},"end":{"line":42,"column":3}},"line":39},"6":{"name":"deleteTask","decl":{"start":{"line":45,"column":9},"end":{"line":45,"column":19}},"loc":{"start":{"line":45,"column":22},"end":{"line":61,"column":1}},"line":45},"7":{"name":"(anonymous_7)","decl":{"start":{"line":47,"column":21},"end":{"line":47,"column":22}},"loc":{"start":{"line":47,"column":30},"end":{"line":60,"column":3}},"line":47},"8":{"name":"(anonymous_8)","decl":{"start":{"line":48,"column":38},"end":{"line":48,"column":39}},"loc":{"start":{"line":48,"column":49},"end":{"line":50,"column":5}},"line":48},"9":{"name":"(anonymous_9)","decl":{"start":{"line":51,"column":34},"end":{"line":51,"column":35}},"loc":{"start":{"line":51,"column":40},"end":{"line":59,"column":5}},"line":51},"10":{"name":"changeIcon","decl":{"start":{"line":63,"column":9},"end":{"line":63,"column":19}},"loc":{"start":{"line":63,"column":22},"end":{"line":78,"column":1}},"line":63},"11":{"name":"(anonymous_11)","decl":{"start":{"line":65,"column":16},"end":{"line":65,"column":17}},"loc":{"start":{"line":65,"column":26},"end":{"line":70,"column":3}},"line":65},"12":{"name":"editTask","decl":{"start":{"line":80,"column":9},"end":{"line":80,"column":17}},"loc":{"start":{"line":80,"column":20},"end":{"line":101,"column":1}},"line":80},"13":{"name":"(anonymous_13)","decl":{"start":{"line":87,"column":21},"end":{"line":87,"column":22}},"loc":{"start":{"line":87,"column":32},"end":{"line":100,"column":3}},"line":87},"14":{"name":"(anonymous_14)","decl":{"start":{"line":88,"column":35},"end":{"line":88,"column":36}},"loc":{"start":{"line":88,"column":41},"end":{"line":97,"column":5}},"line":88},"15":{"name":"editBtns","decl":{"start":{"line":103,"column":16},"end":{"line":103,"column":24}},"loc":{"start":{"line":103,"column":27},"end":{"line":116,"column":1}},"line":103},"16":{"name":"(anonymous_16)","decl":{"start":{"line":107,"column":24},"end":{"line":107,"column":25}},"loc":{"start":{"line":107,"column":33},"end":{"line":114,"column":5}},"line":107},"17":{"name":"(anonymous_17)","decl":{"start":{"line":108,"column":36},"end":{"line":108,"column":37}},"loc":{"start":{"line":108,"column":42},"end":{"line":113,"column":7}},"line":108},"18":{"name":"deleteCompleted","decl":{"start":{"line":118,"column":16},"end":{"line":118,"column":31}},"loc":{"start":{"line":118,"column":34},"end":{"line":130,"column":1}},"line":118},"19":{"name":"(anonymous_19)","decl":{"start":{"line":120,"column":42},"end":{"line":120,"column":43}},"loc":{"start":{"line":120,"column":52},"end":{"line":120,"column":67}},"line":120},"20":{"name":"(anonymous_20)","decl":{"start":{"line":125,"column":17},"end":{"line":125,"column":18}},"loc":{"start":{"line":125,"column":28},"end":{"line":129,"column":3}},"line":125}},"branchMap":{"0":{"loc":{"start":{"line":4,"column":14},"end":{"line":4,"column":21}},"type":"default-arg","locations":[{"start":{"line":4,"column":20},"end":{"line":4,"column":21}}],"line":4},"1":{"loc":{"start":{"line":4,"column":23},"end":{"line":4,"column":31}},"type":"default-arg","locations":[{"start":{"line":4,"column":29},"end":{"line":4,"column":31}}],"line":4},"2":{"loc":{"start":{"line":13,"column":2},"end":{"line":15,"column":3}},"type":"if","locations":[{"start":{"line":13,"column":2},"end":{"line":15,"column":3}},{"start":{"line":13,"column":2},"end":{"line":15,"column":3}}],"line":13},"3":{"loc":{"start":{"line":22,"column":2},"end":{"line":25,"column":3}},"type":"if","locations":[{"start":{"line":22,"column":2},"end":{"line":25,"column":3}},{"start":{"line":22,"column":2},"end":{"line":25,"column":3}}],"line":22},"4":{"loc":{"start":{"line":71,"column":2},"end":{"line":77,"column":3}},"type":"if","locations":[{"start":{"line":71,"column":2},"end":{"line":77,"column":3}},{"start":{"line":71,"column":2},"end":{"line":77,"column":3}}],"line":71},"5":{"loc":{"start":{"line":90,"column":6},"end":{"line":92,"column":7}},"type":"if","locations":[{"start":{"line":90,"column":6},"end":{"line":92,"column":7}},{"start":{"line":90,"column":6},"end":{"line":92,"column":7}}],"line":90},"6":{"loc":{"start":{"line":105,"column":2},"end":{"line":115,"column":3}},"type":"if","locations":[{"start":{"line":105,"column":2},"end":{"line":115,"column":3}},{"start":{"line":105,"column":2},"end":{"line":115,"column":3}}],"line":105},"7":{"loc":{"start":{"line":126,"column":4},"end":{"line":128,"column":5}},"type":"if","locations":[{"start":{"line":126,"column":4},"end":{"line":128,"column":5}},{"start":{"line":126,"column":4},"end":{"line":128,"column":5}}],"line":126}},"s":{"0":0,"1":0,"2":0,"3":0,"4":0,"5":0,"6":0,"7":0,"8":0,"9":0,"10":0,"11":0,"12":0,"13":0,"14":0,"15":0,"16":0,"17":0,"18":0,"19":0,"20":0,"21":0,"22":0,"23":0,"24":0,"25":0,"26":0,"27":0,"28":0,"29":0,"30":0,"31":0,"32":0,"33":0,"34":0,"35":0,"36":0,"37":0,"38":0,"39":0,"40":0,"41":0,"42":0,"43":0,"44":0,"45":0,"46":0,"47":0,"48":0,"49":0,"50":0,"51":0,"52":0,"53":0,"54":0,"55":0,"56":0,"57":0,"58":0,"59":0,"60":0,"61":0,"62":0,"63":0,"64":0,"65":0,"66":0,"67":0,"68":0,"69":0,"70":0,"71":0,"72":0,"73":0,"74":0,"75":0,"76":0,"77":0,"78":0,"79":0,"80":0,"81":1},"f":{"0":0,"1":0,"2":0,"3":0,"4":0,"5":0,"6":0,"7":0,"8":0,"9":0,"10":0,"11":0,"12":0,"13":0,"14":0,"15":0,"16":0,"17":0,"18":0,"19":0,"20":0},"b":{"0":[0],"1":[0],"2":[0,0],"3":[0,0],"4":[0,0],"5":[0,0],"6":[0,0],"7":[0,0]},"_coverageSchema":"1a1c01bbd47fc00a2c39e90264f33305004495a9","hash":"34b2f5583165d9d05eee9db46f79db663dbc676a"}
,"/home/miki/Desktop/microverse/todo-list-mv/src/statusTasks.js": {"path":"/home/miki/Desktop/microverse/todo-list-mv/src/statusTasks.js","statementMap":{"0":{"start":{"line":1,"column":15},"end":{"line":1,"column":17}},"1":{"start":{"line":4,"column":2},"end":{"line":4,"column":65}},"2":{"start":{"line":8,"column":2},"end":{"line":8,"column":22}},"3":{"start":{"line":9,"column":2},"end":{"line":9,"column":15}},"4":{"start":{"line":13,"column":2},"end":{"line":21,"column":3}},"5":{"start":{"line":14,"column":4},"end":{"line":14,"column":78}},"6":{"start":{"line":15,"column":4},"end":{"line":15,"column":62}},"7":{"start":{"line":16,"column":4},"end":{"line":16,"column":44}},"8":{"start":{"line":18,"column":4},"end":{"line":18,"column":76}},"9":{"start":{"line":19,"column":4},"end":{"line":19,"column":54}},"10":{"start":{"line":20,"column":4},"end":{"line":20,"column":45}},"11":{"start":{"line":22,"column":2},"end":{"line":22,"column":15}},"12":{"start":{"line":26,"column":2},"end":{"line":35,"column":3}},"13":{"start":{"line":27,"column":4},"end":{"line":27,"column":64}},"14":{"start":{"line":28,"column":4},"end":{"line":32,"column":7}},"15":{"start":{"line":29,"column":20},"end":{"line":29,"column":55}},"16":{"start":{"line":30,"column":6},"end":{"line":30,"column":37}},"17":{"start":{"line":31,"column":6},"end":{"line":31,"column":26}},"18":{"start":{"line":34,"column":4},"end":{"line":34,"column":17}},"19":{"start":{"line":39,"column":17},"end":{"line":39,"column":53}},"20":{"start":{"line":41,"column":2},"end":{"line":44,"column":5}},"21":{"start":{"line":42,"column":4},"end":{"line":42,"column":64}},"22":{"start":{"line":42,"column":43},"end":{"line":42,"column":62}},"23":{"start":{"line":43,"column":4},"end":{"line":43,"column":18}}},"fnMap":{"0":{"name":"saveStatus","decl":{"start":{"line":3,"column":16},"end":{"line":3,"column":26}},"loc":{"start":{"line":3,"column":29},"end":{"line":5,"column":1}},"line":3},"1":{"name":"getStatusTasks","decl":{"start":{"line":7,"column":16},"end":{"line":7,"column":30}},"loc":{"start":{"line":7,"column":41},"end":{"line":10,"column":1}},"line":7},"2":{"name":"changeStatus","decl":{"start":{"line":12,"column":9},"end":{"line":12,"column":21}},"loc":{"start":{"line":12,"column":29},"end":{"line":23,"column":1}},"line":12},"3":{"name":"checkStatus","decl":{"start":{"line":25,"column":16},"end":{"line":25,"column":27}},"loc":{"start":{"line":25,"column":30},"end":{"line":36,"column":1}},"line":25},"4":{"name":"(anonymous_4)","decl":{"start":{"line":28,"column":21},"end":{"line":28,"column":22}},"loc":{"start":{"line":28,"column":31},"end":{"line":32,"column":5}},"line":28},"5":{"name":"addListeners","decl":{"start":{"line":38,"column":16},"end":{"line":38,"column":28}},"loc":{"start":{"line":38,"column":31},"end":{"line":45,"column":1}},"line":38},"6":{"name":"(anonymous_6)","decl":{"start":{"line":41,"column":17},"end":{"line":41,"column":18}},"loc":{"start":{"line":41,"column":28},"end":{"line":44,"column":3}},"line":41},"7":{"name":"(anonymous_7)","decl":{"start":{"line":42,"column":37},"end":{"line":42,"column":38}},"loc":{"start":{"line":42,"column":43},"end":{"line":42,"column":62}},"line":42}},"branchMap":{"0":{"loc":{"start":{"line":13,"column":2},"end":{"line":21,"column":3}},"type":"if","locations":[{"start":{"line":13,"column":2},"end":{"line":21,"column":3}},{"start":{"line":13,"column":2},"end":{"line":21,"column":3}}],"line":13},"1":{"loc":{"start":{"line":26,"column":2},"end":{"line":35,"column":3}},"type":"if","locations":[{"start":{"line":26,"column":2},"end":{"line":35,"column":3}},{"start":{"line":26,"column":2},"end":{"line":35,"column":3}}],"line":26}},"s":{"0":1,"1":0,"2":0,"3":0,"4":0,"5":0,"6":0,"7":0,"8":0,"9":0,"10":0,"11":0,"12":0,"13":0,"14":0,"15":0,"16":0,"17":0,"18":0,"19":0,"20":0,"21":0,"22":0,"23":0},"f":{"0":0,"1":0,"2":0,"3":0,"4":0,"5":0,"6":0,"7":0},"b":{"0":[0,0],"1":[0,0]},"_coverageSchema":"1a1c01bbd47fc00a2c39e90264f33305004495a9","hash":"4eefd867d42b6d3c3a1dcffe8bde7b299338f625"}
}
