TN:
SF:src/crud.js
FN:4,(anonymous_0)
FN:11,getArrayLocal
FN:19,addTask
FN:29,updateIds
FN:34,(anonymous_4)
FN:39,(anonymous_5)
FN:45,deleteTask
FN:47,(anonymous_7)
FN:48,(anonymous_8)
FN:51,(anonymous_9)
FN:63,changeIcon
FN:65,(anonymous_11)
FN:80,editTask
FN:87,(anonymous_13)
FN:88,(anonymous_14)
FN:103,editBtns
FN:107,(anonymous_16)
FN:108,(anonymous_17)
FN:118,deleteCompleted
FN:120,(anonymous_19)
FN:125,(anonymous_20)
FNF:21
FNH:0
FNDA:0,(anonymous_0)
FNDA:0,getArrayLocal
FNDA:0,addTask
FNDA:0,updateIds
FNDA:0,(anonymous_4)
FNDA:0,(anonymous_5)
FNDA:0,deleteTask
FNDA:0,(anonymous_7)
FNDA:0,(anonymous_8)
FNDA:0,(anonymous_9)
FNDA:0,changeIcon
FNDA:0,(anonymous_11)
FNDA:0,editTask
FNDA:0,(anonymous_13)
FNDA:0,(anonymous_14)
FNDA:0,editBtns
FNDA:0,(anonymous_16)
FNDA:0,(anonymous_17)
FNDA:0,deleteCompleted
FNDA:0,(anonymous_19)
FNDA:0,(anonymous_20)
DA:5,0
DA:6,0
DA:7,0
DA:12,0
DA:13,0
DA:14,0
DA:16,0
DA:20,0
DA:21,0
DA:22,0
DA:23,0
DA:24,0
DA:26,0
DA:30,0
DA:31,0
DA:32,0
DA:34,0
DA:35,0
DA:36,0
DA:38,0
DA:39,0
DA:40,0
DA:41,0
DA:46,0
DA:47,0
DA:48,0
DA:49,0
DA:51,0
DA:52,0
DA:53,0
DA:54,0
DA:55,0
DA:56,0
DA:57,0
DA:58,0
DA:64,0
DA:65,0
DA:66,0
DA:67,0
DA:68,0
DA:69,0
DA:71,0
DA:72,0
DA:73,0
DA:74,0
DA:75,0
DA:76,0
DA:81,0
DA:82,0
DA:83,0
DA:84,0
DA:85,0
DA:87,0
DA:88,0
DA:89,0
DA:90,0
DA:91,0
DA:93,0
DA:94,0
DA:95,0
DA:96,0
DA:98,0
DA:99,0
DA:104,0
DA:105,0
DA:106,0
DA:107,0
DA:108,0
DA:109,0
DA:110,0
DA:111,0
DA:112,0
DA:119,0
DA:120,0
DA:121,0
DA:123,0
DA:124,0
DA:125,0
DA:126,0
DA:127,0
DA:132,1
LF:81
LH:1
BRDA:4,0,0,0
BRDA:4,1,0,0
BRDA:13,2,0,0
BRDA:13,2,1,0
BRDA:22,3,0,0
BRDA:22,3,1,0
BRDA:71,4,0,0
BRDA:71,4,1,0
BRDA:90,5,0,0
BRDA:90,5,1,0
BRDA:105,6,0,0
BRDA:105,6,1,0
BRDA:126,7,0,0
BRDA:126,7,1,0
BRF:14
BRH:0
end_of_record
TN:
SF:src/statusTasks.js
FN:3,saveStatus
FN:7,getStatusTasks
FN:12,changeStatus
FN:25,checkStatus
FN:28,(anonymous_4)
FN:38,addListeners
FN:41,(anonymous_6)
FN:42,(anonymous_7)
FNF:8
FNH:0
FNDA:0,saveStatus
FNDA:0,getStatusTasks
FNDA:0,changeStatus
FNDA:0,checkStatus
FNDA:0,(anonymous_4)
FNDA:0,addListeners
FNDA:0,(anonymous_6)
FNDA:0,(anonymous_7)
DA:1,1
DA:4,0
DA:8,0
DA:9,0
DA:13,0
DA:14,0
DA:15,0
DA:16,0
DA:18,0
DA:19,0
DA:20,0
DA:22,0
DA:26,0
DA:27,0
DA:28,0
DA:29,0
DA:30,0
DA:31,0
DA:34,0
DA:39,0
DA:41,0
DA:42,0
DA:43,0
LF:23
LH:1
BRDA:13,0,0,0
BRDA:13,0,1,0
BRDA:26,1,0,0
BRDA:26,1,1,0
BRF:4
BRH:0
end_of_record
